<?xml version="1.0" encoding="UTF-8"?>
<!-- Generated by org.testng.reporters.JUnitReportReporter -->
<testsuite skipped="0" hostname="DESKTOP-ECP4HNJ" name="com.google.tests.TestGoogleHomePage" tests="1" failures="0" timestamp="20 Nov 2017 17:42:37 GMT" time="29.558" errors="0">
  <testcase name="googleSearch" time="29.558" classname="com.google.tests.TestGoogleHomePage"/>
</testsuite> <!-- com.google.tests.TestGoogleHomePage -->
