<?xml version="1.0" encoding="UTF-8"?>
<!-- Generated by org.testng.reporters.JUnitReportReporter -->
<testsuite skipped="0" hostname="DESKTOP-ECP4HNJ" name="com.google.tests.GoogleHome" tests="1" failures="0" timestamp="20 Nov 2017 17:42:37 GMT" time="9.850" errors="0">
  <testcase name="googleSearch" time="9.850" classname="com.google.tests.GoogleHome"/>
</testsuite> <!-- com.google.tests.GoogleHome -->
