<?xml version="1.0" encoding="UTF-8"?>
<!-- Generated by org.testng.reporters.JUnitReportReporter -->
<testsuite skipped="0" hostname="DESKTOP-ECP4HNJ" name="com.google.tests.GoogleHomeTest" tests="1" failures="0" timestamp="05 Nov 2017 19:05:34 GMT" time="7.591" errors="0">
  <testcase name="googleSearch" time="7.591" classname="com.google.tests.GoogleHomeTest"/>
</testsuite> <!-- com.google.tests.GoogleHomeTest -->
