<?xml version="1.0" encoding="UTF-8"?>
<!-- Generated by org.testng.reporters.JUnitReportReporter -->
<testsuite skipped="0" hostname="DESKTOP-ECP4HNJ" name="com.google.tests.ExcelTest" tests="1" failures="0" timestamp="12 Jan 2020 16:31:17 GMT" time="1.897" errors="0">
  <testcase name="f" time="1.897" classname="com.google.tests.ExcelTest"/>
</testsuite> <!-- com.google.tests.ExcelTest -->
