<?xml version="1.0" encoding="UTF-8"?>
<!-- Generated by org.testng.reporters.JUnitReportReporter -->
<testsuite skipped="0" hostname="DESKTOP-ECP4HNJ" name="com.google.tests.TestGoogleHomePage" tests="1" failures="0" timestamp="14 Jan 2018 12:23:07 GMT" time="0.170" errors="0">
  <testcase name="TestgoogleSearch" time="0.170" classname="com.google.tests.TestGoogleHomePage"/>
</testsuite> <!-- com.google.tests.TestGoogleHomePage -->
